<?xml version="1.0" encoding="UTF-8"?>
<testng-results ignored="0" total="1" passed="1" failed="0" skipped="0">
  <reporter-output>
  </reporter-output>
  <suite started-at="2021-11-25T23:17:17 PST" name="Default suite" finished-at="2021-11-25T23:17:21 PST" duration-ms="4560">
    <groups>
    </groups>
    <test started-at="2021-11-25T23:17:17 PST" name="Default test" finished-at="2021-11-25T23:17:21 PST" duration-ms="4560">
      <class name="test.LoginTest">
        <test-method signature="userAbeltologin()[pri:0, instance:test.LoginTest@55b53d44]" started-at="2021-11-25T23:17:17 PST" name="userAbeltologin" finished-at="2021-11-25T23:17:21 PST" duration-ms="4525" status="PASS">
          <reporter-output>
          </reporter-output>
        </test-method> <!-- userAbeltologin -->
      </class> <!-- test.LoginTest -->
    </test> <!-- Default test -->
  </suite> <!-- Default suite -->
</testng-results>
